<?xml version="1.0" encoding="UTF-8"?>
<testsuite xmlns:xsi="http://www.w3.org/2001/XMLSchema-instance" xsi:noNamespaceSchemaLocation="https://maven.apache.org/surefire/maven-surefire-plugin/xsd/surefire-test-report.xsd" name="com.testRunners.TestRunner" time="9.76" tests="2" errors="0" skipped="0" failures="0">
  <properties>
[...]
</properties>
  <testcase name="Verify if the place is added using the AddPlaceAPI" classname="Validating the Google APIs" time="6.432"/>
  <testcase name="Verify if delete place is working using DeletePLaceApi" classname="Validating the Google APIs" time="2.688"/>
</testsuite>